<?xml version="1.0" encoding="UTF-8"?>
<!-- Generated by org.testng.reporters.JUnitReportReporter -->
<testsuite hostname="Balaji" failures="0" tests="5" name="com.sg.test.LoginTest" time="52.386" errors="0" timestamp="2022-07-19T17:44:07 IST" skipped="0">
  <testcase classname="com.sg.test.LoginTest" name="invalidCredentialTest" time="9.414"/>
  <system-out/>
  <testcase classname="com.sg.test.LoginTest" name="validCredentialTest" time="12.928"/>
  <system-out/>
  <testcase classname="com.sg.test.LoginTest" name="invalidCredentialTest" time="9.285"/>
  <system-out/>
  <testcase classname="com.sg.test.LoginTest" name="invalidCredentialTest" time="10.082"/>
  <system-out/>
  <testcase classname="com.sg.test.LoginTest" name="validCredentialTest" time="10.677"/>
  <system-out/>
</testsuite> <!-- com.sg.test.LoginTest -->
