<?xml version="1.0" encoding="UTF-8"?>
<!-- Generated by org.testng.reporters.JUnitReportReporter -->
<testsuite hostname="Balaji" failures="0" tests="4" name="com.sg.test.LoginTest" time="41.095" errors="0" timestamp="2022-07-20T16:13:58 IST" skipped="0">
  <testcase classname="com.sg.test.LoginTest" name="invalidCredentialTest" time="9.597"/>
  <system-out/>
  <testcase classname="com.sg.test.LoginTest" name="validCredentialTest" time="12.297"/>
  <system-out/>
  <testcase classname="com.sg.test.LoginTest" name="invalidCredentialTest" time="9.595"/>
  <system-out/>
  <testcase classname="com.sg.test.LoginTest" name="invalidCredentialTest" time="9.606"/>
  <system-out/>
</testsuite> <!-- com.sg.test.LoginTest -->
