<?xml version="1.0" encoding="UTF-8"?>
<!-- Generated by org.testng.reporters.JUnitReportReporter -->
<testsuite hostname="Balaji" failures="0" tests="1" name="com.sg.test.LoginTest" time="96.958" errors="0" timestamp="2022-07-22T16:17:10 IST" skipped="0">
  <testcase classname="com.sg.test.LoginTest" name="validCredentialTest" time="96.958"/>
  <system-out/>
</testsuite> <!-- com.sg.test.LoginTest -->
