<?xml version="1.0" encoding="UTF-8"?>
<!-- Generated by org.testng.reporters.JUnitReportReporter -->
<testsuite hostname="Balaji" failures="0" tests="1" name="com.sg.test.LoginUITest" time="15.639" errors="0" timestamp="2022-07-22T18:25:15 IST" skipped="0">
  <testcase classname="com.sg.test.LoginUITest" name="verifyTitleTest" time="15.639"/>
  <system-out/>
</testsuite> <!-- com.sg.test.LoginUITest -->
