<?xml version="1.0" encoding="UTF-8"?>
<!-- Generated by org.testng.reporters.JUnitReportReporter -->
<testsuite hostname="Balaji" failures="0" tests="2" name="com.sg.test.EmergencyContactTest" time="55.875" errors="0" timestamp="2022-07-20T15:40:00 IST" skipped="0">
  <testcase classname="com.sg.test.EmergencyContactTest" name="addValidEmergencyContactTest" time="33.534"/>
  <system-out/>
  <testcase classname="com.sg.test.EmergencyContactTest" name="addValidEmergencyContactTest" time="22.341"/>
  <system-out/>
</testsuite> <!-- com.sg.test.EmergencyContactTest -->
