<?xml version="1.0" encoding="UTF-8"?>
<!-- Generated by org.testng.reporters.JUnitReportReporter -->
<testsuite hostname="Balaji" failures="0" tests="4" name="com.sg.test.DemoTest" time="0.023" errors="0" timestamp="2022-07-18T18:10:05 IST" skipped="0">
  <testcase classname="com.sg.test.DemoTest" name="validTest" time="0.001"/>
  <system-out/>
  <testcase classname="com.sg.test.DemoTest" name="validTest" time="0.005"/>
  <system-out/>
  <testcase classname="com.sg.test.DemoTest" name="validTest" time="0.002"/>
  <system-out/>
  <testcase classname="com.sg.test.DemoTest" name="validTest" time="0.015"/>
  <system-out/>
</testsuite> <!-- com.sg.test.DemoTest -->
