<?xml version="1.0" encoding="UTF-8"?>
<!-- Generated by org.testng.reporters.JUnitReportReporter -->
<testsuite hostname="Balaji" failures="0" tests="1" name="com.sg.test.LoginUITest" time="19.066" errors="0" timestamp="2022-07-18T17:35:45 IST" skipped="0">
  <testcase classname="com.sg.test.LoginUITest" name="verifyTitleTest" time="19.066"/>
  <system-out/>
</testsuite> <!-- com.sg.test.LoginUITest -->
