<?xml version="1.0" encoding="UTF-8"?>
<!-- Generated by org.testng.reporters.JUnitReportReporter -->
<testsuite hostname="Balaji" failures="0" tests="4" name="com.sg.test.DemoTest" time="6.487" errors="0" timestamp="2022-07-19T14:15:53 IST" skipped="0">
  <testcase classname="com.sg.test.DemoTest" name="validTest" time="1.065"/>
  <system-out/>
  <testcase classname="com.sg.test.DemoTest" name="validTest" time="1.172"/>
  <system-out/>
  <testcase classname="com.sg.test.DemoTest" name="validTest" time="3.599"/>
  <system-out/>
  <testcase classname="com.sg.test.DemoTest" name="validTest" time="0.651"/>
  <system-out/>
</testsuite> <!-- com.sg.test.DemoTest -->
