<?xml version="1.0" encoding="UTF-8"?>
<!-- Generated by org.testng.reporters.JUnitReportReporter -->
<testsuite hostname="Balaji" failures="0" tests="1" name="com.sg.test.LoginTest" time="38.558" errors="0" timestamp="2022-07-20T14:53:23 IST" skipped="0">
  <testcase classname="com.sg.test.LoginTest" name="validCredentialTest" time="38.558"/>
  <system-out/>
</testsuite> <!-- com.sg.test.LoginTest -->
