<?xml version="1.0" encoding="UTF-8"?>
<!-- Generated by org.testng.reporters.JUnitReportReporter -->
<testsuite hostname="Balaji" failures="0" tests="3" name="com.sg.test.LoginTest" time="34.421" errors="0" timestamp="2022-07-19T14:25:47 IST" skipped="0">
  <testcase classname="com.sg.test.LoginTest" name="validCredentialTest" time="13.811"/>
  <system-out/>
  <testcase classname="com.sg.test.LoginTest" name="invalidCredentialTest" time="11.605"/>
  <system-out/>
  <testcase classname="com.sg.test.LoginTest" name="invalidCredentialTest" time="9.005"/>
  <system-out/>
</testsuite> <!-- com.sg.test.LoginTest -->
